Analysis & Elaboration report for Cursach
Mon Apr 20 23:07:20 2020
Quartus Prime Version 19.1.0 Build 670 09/22/2019 SJ Lite Edition


---------------------
; Table of Contents ;
---------------------
  1. Legal Notice
  2. Analysis & Elaboration Summary
  3. Parallel Compilation
  4. Analysis & Elaboration Settings
  5. Port Connectivity Checks: "counter:COUNTER_2"
  6. Port Connectivity Checks: "counter:COUNTER_1"
  7. Port Connectivity Checks: "comparator:COMPARATOR_2"
  8. Port Connectivity Checks: "comparator:COMPARATOR_1"
  9. Analysis & Elaboration Messages



----------------
; Legal Notice ;
----------------
Copyright (C) 2019  Intel Corporation. All rights reserved.
Your use of Intel Corporation's design tools, logic functions 
and other software and tools, and any partner logic 
functions, and any output files from any of the foregoing 
(including device programming or simulation files), and any 
associated documentation or information are expressly subject 
to the terms and conditions of the Intel Program License 
Subscription Agreement, the Intel Quartus Prime License Agreement,
the Intel FPGA IP License Agreement, or other applicable license
agreement, including, without limitation, that your use is for
the sole purpose of programming logic devices manufactured by
Intel and sold by Intel or its authorized distributors.  Please
refer to the applicable agreement for further details, at
https://fpgasoftware.intel.com/eula.



+----------------------------------------------------------------------------------+
; Analysis & Elaboration Summary                                                   ;
+------------------------------------+---------------------------------------------+
; Analysis & Elaboration Status      ; Successful - Mon Apr 20 23:07:20 2020       ;
; Quartus Prime Version              ; 19.1.0 Build 670 09/22/2019 SJ Lite Edition ;
; Revision Name                      ; Cursach                                     ;
; Top-level Entity Name              ; Cursach                                     ;
; Family                             ; Cyclone IV E                                ;
; Total logic elements               ; N/A until Partition Merge                   ;
;     Total combinational functions  ; N/A until Partition Merge                   ;
;     Dedicated logic registers      ; N/A until Partition Merge                   ;
; Total registers                    ; N/A until Partition Merge                   ;
; Total pins                         ; N/A until Partition Merge                   ;
; Total virtual pins                 ; N/A until Partition Merge                   ;
; Total memory bits                  ; N/A until Partition Merge                   ;
; Embedded Multiplier 9-bit elements ; N/A until Partition Merge                   ;
; Total PLLs                         ; N/A until Partition Merge                   ;
+------------------------------------+---------------------------------------------+


+------------------------------------------+
; Parallel Compilation                     ;
+----------------------------+-------------+
; Processors                 ; Number      ;
+----------------------------+-------------+
; Number detected on machine ; 4           ;
; Maximum allowed            ; 4           ;
;                            ;             ;
; Average used               ; 1.00        ;
; Maximum used               ; 1           ;
;                            ;             ;
; Usage by Processor         ; % Time Used ;
;     Processor 1            ; 100.0%      ;
+----------------------------+-------------+


+------------------------------------------------------------------------------------------------------------+
; Analysis & Elaboration Settings                                                                            ;
+------------------------------------------------------------------+--------------------+--------------------+
; Option                                                           ; Setting            ; Default Value      ;
+------------------------------------------------------------------+--------------------+--------------------+
; Device                                                           ; EP4CE6E22C8        ;                    ;
; Top-level entity name                                            ; Cursach            ; Cursach            ;
; Family name                                                      ; Cyclone IV E       ; Cyclone V          ;
; Use smart compilation                                            ; Off                ; Off                ;
; Enable parallel Assembler and Timing Analyzer during compilation ; On                 ; On                 ;
; Enable compact report table                                      ; Off                ; Off                ;
; Restructure Multiplexers                                         ; Auto               ; Auto               ;
; Create Debugging Nodes for IP Cores                              ; Off                ; Off                ;
; Preserve fewer node names                                        ; On                 ; On                 ;
; Intel FPGA IP Evaluation Mode                                    ; Enable             ; Enable             ;
; Verilog Version                                                  ; Verilog_2001       ; Verilog_2001       ;
; VHDL Version                                                     ; VHDL_1993          ; VHDL_1993          ;
; State Machine Processing                                         ; Auto               ; Auto               ;
; Safe State Machine                                               ; Off                ; Off                ;
; Extract Verilog State Machines                                   ; On                 ; On                 ;
; Extract VHDL State Machines                                      ; On                 ; On                 ;
; Ignore Verilog initial constructs                                ; Off                ; Off                ;
; Iteration limit for constant Verilog loops                       ; 5000               ; 5000               ;
; Iteration limit for non-constant Verilog loops                   ; 250                ; 250                ;
; Add Pass-Through Logic to Inferred RAMs                          ; On                 ; On                 ;
; Infer RAMs from Raw Logic                                        ; On                 ; On                 ;
; Parallel Synthesis                                               ; On                 ; On                 ;
; DSP Block Balancing                                              ; Auto               ; Auto               ;
; NOT Gate Push-Back                                               ; On                 ; On                 ;
; Power-Up Don't Care                                              ; On                 ; On                 ;
; Remove Redundant Logic Cells                                     ; Off                ; Off                ;
; Remove Duplicate Registers                                       ; On                 ; On                 ;
; Ignore CARRY Buffers                                             ; Off                ; Off                ;
; Ignore CASCADE Buffers                                           ; Off                ; Off                ;
; Ignore GLOBAL Buffers                                            ; Off                ; Off                ;
; Ignore ROW GLOBAL Buffers                                        ; Off                ; Off                ;
; Ignore LCELL Buffers                                             ; Off                ; Off                ;
; Ignore SOFT Buffers                                              ; On                 ; On                 ;
; Limit AHDL Integers to 32 Bits                                   ; Off                ; Off                ;
; Optimization Technique                                           ; Balanced           ; Balanced           ;
; Carry Chain Length                                               ; 70                 ; 70                 ;
; Auto Carry Chains                                                ; On                 ; On                 ;
; Auto Open-Drain Pins                                             ; On                 ; On                 ;
; Perform WYSIWYG Primitive Resynthesis                            ; Off                ; Off                ;
; Auto ROM Replacement                                             ; On                 ; On                 ;
; Auto RAM Replacement                                             ; On                 ; On                 ;
; Auto DSP Block Replacement                                       ; On                 ; On                 ;
; Auto Shift Register Replacement                                  ; Auto               ; Auto               ;
; Allow Shift Register Merging across Hierarchies                  ; Auto               ; Auto               ;
; Auto Clock Enable Replacement                                    ; On                 ; On                 ;
; Strict RAM Replacement                                           ; Off                ; Off                ;
; Allow Synchronous Control Signals                                ; On                 ; On                 ;
; Force Use of Synchronous Clear Signals                           ; Off                ; Off                ;
; Auto RAM Block Balancing                                         ; On                 ; On                 ;
; Auto RAM to Logic Cell Conversion                                ; Off                ; Off                ;
; Auto Resource Sharing                                            ; Off                ; Off                ;
; Allow Any RAM Size For Recognition                               ; Off                ; Off                ;
; Allow Any ROM Size For Recognition                               ; Off                ; Off                ;
; Allow Any Shift Register Size For Recognition                    ; Off                ; Off                ;
; Use LogicLock Constraints during Resource Balancing              ; On                 ; On                 ;
; Ignore translate_off and synthesis_off directives                ; Off                ; Off                ;
; Timing-Driven Synthesis                                          ; On                 ; On                 ;
; Report Parameter Settings                                        ; On                 ; On                 ;
; Report Source Assignments                                        ; On                 ; On                 ;
; Report Connectivity Checks                                       ; On                 ; On                 ;
; Ignore Maximum Fan-Out Assignments                               ; Off                ; Off                ;
; Synchronization Register Chain Length                            ; 2                  ; 2                  ;
; Power Optimization During Synthesis                              ; Normal compilation ; Normal compilation ;
; HDL message level                                                ; Level2             ; Level2             ;
; Suppress Register Optimization Related Messages                  ; Off                ; Off                ;
; Number of Removed Registers Reported in Synthesis Report         ; 5000               ; 5000               ;
; Number of Swept Nodes Reported in Synthesis Report               ; 5000               ; 5000               ;
; Number of Inverted Registers Reported in Synthesis Report        ; 100                ; 100                ;
; Clock MUX Protection                                             ; On                 ; On                 ;
; Auto Gated Clock Conversion                                      ; Off                ; Off                ;
; Block Design Naming                                              ; Auto               ; Auto               ;
; SDC constraint protection                                        ; Off                ; Off                ;
; Synthesis Effort                                                 ; Auto               ; Auto               ;
; Shift Register Replacement - Allow Asynchronous Clear Signal     ; On                 ; On                 ;
; Pre-Mapping Resynthesis Optimization                             ; Off                ; Off                ;
; Analysis & Synthesis Message Level                               ; Medium             ; Medium             ;
; Disable Register Merging Across Hierarchies                      ; Auto               ; Auto               ;
; Resource Aware Inference For Block RAM                           ; On                 ; On                 ;
+------------------------------------------------------------------+--------------------+--------------------+


+-------------------------------------------------------------------------------------------------------------------------------------------------------------------------------------------------------------------+
; Port Connectivity Checks: "counter:COUNTER_2"                                                                                                                                                                     ;
+-----------+-------+----------+------------------------------------------------------------------------------------------------------------------------------------------------------------------------------------+
; Port      ; Type  ; Severity ; Details                                                                                                                                                                            ;
+-----------+-------+----------+------------------------------------------------------------------------------------------------------------------------------------------------------------------------------------+
; reset     ; Input ; Warning  ; Input port expression (32 bits) is wider than the input port (1 bits) it drives.  The 31 most-significant bit(s) in the expression will be dangling if they have no other fanouts. ;
; reset[-1] ; Input ; Info     ; Stuck at VCC                                                                                                                                                                       ;
+-----------+-------+----------+------------------------------------------------------------------------------------------------------------------------------------------------------------------------------------+


+-------------------------------------------------------------------------------------------------------------------------------------------------------------------------------------------------------------------+
; Port Connectivity Checks: "counter:COUNTER_1"                                                                                                                                                                     ;
+-----------+-------+----------+------------------------------------------------------------------------------------------------------------------------------------------------------------------------------------+
; Port      ; Type  ; Severity ; Details                                                                                                                                                                            ;
+-----------+-------+----------+------------------------------------------------------------------------------------------------------------------------------------------------------------------------------------+
; reset     ; Input ; Warning  ; Input port expression (32 bits) is wider than the input port (1 bits) it drives.  The 31 most-significant bit(s) in the expression will be dangling if they have no other fanouts. ;
; reset[-1] ; Input ; Info     ; Stuck at VCC                                                                                                                                                                       ;
+-----------+-------+----------+------------------------------------------------------------------------------------------------------------------------------------------------------------------------------------+


+------------------------------------------------------------------------------------------------------------------------------------------------------------------------------------------------------------+
; Port Connectivity Checks: "comparator:COMPARATOR_2"                                                                                                                                                        ;
+------+-------+----------+----------------------------------------------------------------------------------------------------------------------------------------------------------------------------------+
; Port ; Type  ; Severity ; Details                                                                                                                                                                          ;
+------+-------+----------+----------------------------------------------------------------------------------------------------------------------------------------------------------------------------------+
; A    ; Input ; Warning  ; Input port expression (4 bits) is wider than the input port (1 bits) it drives.  The 3 most-significant bit(s) in the expression will be dangling if they have no other fanouts. ;
; B    ; Input ; Warning  ; Input port expression (4 bits) is wider than the input port (1 bits) it drives.  The 3 most-significant bit(s) in the expression will be dangling if they have no other fanouts. ;
+------+-------+----------+----------------------------------------------------------------------------------------------------------------------------------------------------------------------------------+


+------------------------------------------------------------------------------------------------------------------------------------------------------------------------------------------------------------+
; Port Connectivity Checks: "comparator:COMPARATOR_1"                                                                                                                                                        ;
+------+-------+----------+----------------------------------------------------------------------------------------------------------------------------------------------------------------------------------+
; Port ; Type  ; Severity ; Details                                                                                                                                                                          ;
+------+-------+----------+----------------------------------------------------------------------------------------------------------------------------------------------------------------------------------+
; A    ; Input ; Warning  ; Input port expression (4 bits) is wider than the input port (1 bits) it drives.  The 3 most-significant bit(s) in the expression will be dangling if they have no other fanouts. ;
; B    ; Input ; Warning  ; Input port expression (4 bits) is wider than the input port (1 bits) it drives.  The 3 most-significant bit(s) in the expression will be dangling if they have no other fanouts. ;
+------+-------+----------+----------------------------------------------------------------------------------------------------------------------------------------------------------------------------------+


+---------------------------------+
; Analysis & Elaboration Messages ;
+---------------------------------+
Info: *******************************************************************
Info: Running Quartus Prime Analysis & Elaboration
    Info: Version 19.1.0 Build 670 09/22/2019 SJ Lite Edition
    Info: Processing started: Mon Apr 20 23:07:13 2020
Info: Command: quartus_map --read_settings_files=on --write_settings_files=off Cursach -c Cursach --analysis_and_elaboration
Warning (18236): Number of processors has not been specified which may cause overloading on shared machines.  Set the global assignment NUM_PARALLEL_PROCESSORS in your QSF to an appropriate value for best performance.
Info (20030): Parallel compilation is enabled and will use 4 of the 4 processors detected
Info (12021): Found 6 design units, including 6 entities, in source file main.v
    Info (12023): Found entity 1: clockwise File: E:/Quartus-Lite/Cursach/main.v Line: 5
    Info (12023): Found entity 2: counter File: E:/Quartus-Lite/Cursach/main.v Line: 28
    Info (12023): Found entity 3: comparator File: E:/Quartus-Lite/Cursach/main.v Line: 42
    Info (12023): Found entity 4: twoInputOr File: E:/Quartus-Lite/Cursach/main.v Line: 77
    Info (12023): Found entity 5: twoInputXor File: E:/Quartus-Lite/Cursach/main.v Line: 88
    Info (12023): Found entity 6: Cursach File: E:/Quartus-Lite/Cursach/main.v Line: 99
Warning (10236): Verilog HDL Implicit Net warning at main.v(105): created implicit net for "aLessThanB_1" File: E:/Quartus-Lite/Cursach/main.v Line: 105
Warning (10236): Verilog HDL Implicit Net warning at main.v(105): created implicit net for "aMoreThanB_1" File: E:/Quartus-Lite/Cursach/main.v Line: 105
Warning (10236): Verilog HDL Implicit Net warning at main.v(105): created implicit net for "aEqualB_1" File: E:/Quartus-Lite/Cursach/main.v Line: 105
Warning (10236): Verilog HDL Implicit Net warning at main.v(106): created implicit net for "aLessThanB_2" File: E:/Quartus-Lite/Cursach/main.v Line: 106
Warning (10236): Verilog HDL Implicit Net warning at main.v(106): created implicit net for "aMoreThanB_2" File: E:/Quartus-Lite/Cursach/main.v Line: 106
Warning (10236): Verilog HDL Implicit Net warning at main.v(106): created implicit net for "aEqualB_2" File: E:/Quartus-Lite/Cursach/main.v Line: 106
Warning (10236): Verilog HDL Implicit Net warning at main.v(108): created implicit net for "out_1" File: E:/Quartus-Lite/Cursach/main.v Line: 108
Warning (10236): Verilog HDL Implicit Net warning at main.v(109): created implicit net for "out_2" File: E:/Quartus-Lite/Cursach/main.v Line: 109
Warning (10236): Verilog HDL Implicit Net warning at main.v(110): created implicit net for "out_3" File: E:/Quartus-Lite/Cursach/main.v Line: 110
Warning (10236): Verilog HDL Implicit Net warning at main.v(112): created implicit net for "out_ac" File: E:/Quartus-Lite/Cursach/main.v Line: 112
Warning (10236): Verilog HDL Implicit Net warning at main.v(113): created implicit net for "result" File: E:/Quartus-Lite/Cursach/main.v Line: 113
Warning (10236): Verilog HDL Implicit Net warning at main.v(115): created implicit net for "clockOutput_1" File: E:/Quartus-Lite/Cursach/main.v Line: 115
Warning (10236): Verilog HDL Implicit Net warning at main.v(116): created implicit net for "clockOutput_2" File: E:/Quartus-Lite/Cursach/main.v Line: 116
Warning (10236): Verilog HDL Implicit Net warning at main.v(118): created implicit net for "clockForFirstCounter" File: E:/Quartus-Lite/Cursach/main.v Line: 118
Warning (10236): Verilog HDL Implicit Net warning at main.v(119): created implicit net for "clockForSecondCounter" File: E:/Quartus-Lite/Cursach/main.v Line: 119
Info (12127): Elaborating entity "Cursach" for the top level hierarchy
Info (12128): Elaborating entity "comparator" for hierarchy "comparator:COMPARATOR_1" File: E:/Quartus-Lite/Cursach/main.v Line: 105
Info (12128): Elaborating entity "twoInputXor" for hierarchy "twoInputXor:forALessThanB" File: E:/Quartus-Lite/Cursach/main.v Line: 108
Info (12128): Elaborating entity "twoInputOr" for hierarchy "twoInputOr:forAandCOutputs" File: E:/Quartus-Lite/Cursach/main.v Line: 112
Info (12128): Elaborating entity "clockwise" for hierarchy "clockwise:firstClock" File: E:/Quartus-Lite/Cursach/main.v Line: 115
Warning (10036): Verilog HDL or VHDL warning at main.v(9): object "clk_dt" assigned a value but never read File: E:/Quartus-Lite/Cursach/main.v Line: 9
Warning (10755): Verilog HDL warning at main.v(11): assignments to clk create a combinational loop File: E:/Quartus-Lite/Cursach/main.v Line: 11
Warning (10175): Verilog HDL warning at main.v(24): ignoring unsupported system task File: E:/Quartus-Lite/Cursach/main.v Line: 24
Info (12128): Elaborating entity "counter" for hierarchy "counter:COUNTER_1" File: E:/Quartus-Lite/Cursach/main.v Line: 121
Warning (10230): Verilog HDL assignment warning at main.v(38): truncated value with size 32 to match size of target (4) File: E:/Quartus-Lite/Cursach/main.v Line: 38
Warning (12241): 4 hierarchies have connectivity warnings - see the Connectivity Checks report folder
Info: Quartus Prime Analysis & Elaboration was successful. 0 errors, 21 warnings
    Info: Peak virtual memory: 4710 megabytes
    Info: Processing ended: Mon Apr 20 23:07:20 2020
    Info: Elapsed time: 00:00:07
    Info: Total CPU time (on all processors): 00:00:15


